<?xml version="1.0" encoding="UTF-8"?>
<!-- Generated by org.testng.reporters.JUnitReportReporter -->
<testsuite hostname="LAPTOP-Q81EIA6P" failures="0" tests="1" name="testCases.TC_002_Login" time="4.216" errors="0" timestamp="2021-03-24T13:36:17 MDT" skipped="0">
  <testcase classname="testCases.TC_002_Login" name="test_Login" time="4.216"/>
  <system-out/>
</testsuite> <!-- testCases.TC_002_Login -->
