<?xml version="1.0" encoding="UTF-8"?>
<!-- Generated by org.testng.reporters.JUnitReportReporter -->
<testsuite skipped="0" hostname="LAPTOP-Q81EIA6P" name="testCases.TC_001_AccountRegistration" tests="1" failures="0" timestamp="2021-03-25T10:11:01 MDT" time="6.861" errors="0">
  <testcase name="test_account_Registration" time="6.861" classname="testCases.TC_001_AccountRegistration"/>
  <system-out/>
</testsuite> <!-- testCases.TC_001_AccountRegistration -->
