<?xml version="1.0" encoding="UTF-8"?>
<!-- Generated by org.testng.reporters.JUnitReportReporter -->
<testsuite skipped="0" hostname="LAPTOP-Q81EIA6P" name="testCases.TC_002_Login" tests="1" failures="0" timestamp="2021-03-25T10:11:01 MDT" time="6.047" errors="0">
  <testcase name="test_Login" time="6.047" classname="testCases.TC_002_Login"/>
  <system-out/>
</testsuite> <!-- testCases.TC_002_Login -->
